Removed Pin From Net: NetName=VIN Pin=C4-1
Removed Pin From Net: NetName=GND Pin=C4-2
Removed Pin From Net: NetName=VSW Pin=C5-1
Change Component Footprint: Designator=C5 Old Footprint=CAP1206 New Footprint=CAP1210
Change Component Comment : Designator=C5 Old Comment=MLCC_1206 New Comment=MLCC_1210
Change Component Designator: OldDesignator=C1 NewDesignator=C2
Change Component Designator: OldDesignator=C2 NewDesignator=C3
Change Component Designator: OldDesignator=C3 NewDesignator=C4
Change component parameters: Designator = "C5" ("C5"); Footprint = "CAP1206"; UniqueID = "\SSFFIMFK" ("\SSFFIMFK")
Change component parameters (AddParameter): Name = "Manufacturer 1"; Value = ""; VariantName = "[No Variations]"
Change component parameters (AddParameter): Name = "Manufacturer Part Number 1"; Value = ""; VariantName = "[No Variations]"
Change component parameters (AddParameter): Name = "Package"; Value = "1210"; VariantName = "[No Variations]"
Change component parameters (AddParameter): Name = "Value"; Value = "10uF"; VariantName = "[No Variations]"
Change component parameters (AddParameter): Name = "Voltage"; Value = "100V"; VariantName = "[No Variations]"
Change component parameters: Designator = "TVS1" ("TVS1"); Footprint = "SMBJ58A"; UniqueID = "\HRBVEHHG" ("\HRBVEHHG")
Change component parameters (AddParameter): Name = "Manufacturer 1"; Value = ""; VariantName = "[No Variations]"
Change component parameters (AddParameter): Name = "Manufacturer Part Number 1"; Value = "SMBJ64A"; VariantName = "[No Variations]"
Change component parameters (AddParameter): Name = "PD"; Value = "600W"; VariantName = "[No Variations]"
Change component parameters (AddParameter): Name = "Value"; Value = ""; VariantName = "[No Variations]"
Change component parameters (AddParameter): Name = "VBR"; Value = "77.1V"; VariantName = "[No Variations]"
Change component parameters (AddParameter): Name = "VCL"; Value = "103V"; VariantName = "[No Variations]"
Change component parameters (AddParameter): Name = "VRV"; Value = "64V"; VariantName = "[No Variations]"
Added Component: Designator=C1(UUX_XXXXX_NL)
Add component (AddParameter): Name = "Manufacturer 1"; Value = "Nichicon"; VariantName = "[No Variations]"
Add component (AddParameter): Name = "Manufacturer Part Number 1"; Value = "UUX2A470MNL1GS"; VariantName = "[No Variations]"
Add component (AddParameter): Name = "Package"; Value = "NL"; VariantName = "[No Variations]"
Add component (AddParameter): Name = "Value"; Value = "47uF"; VariantName = "[No Variations]"
Add component (AddParameter): Name = "Voltage"; Value = "100V"; VariantName = "[No Variations]"
Added Component: Designator=C6(CAP1206)
Add component (AddParameter): Name = "Manufacturer 1"; Value = ""; VariantName = "[No Variations]"
Add component (AddParameter): Name = "Manufacturer Part Number 1"; Value = ""; VariantName = "[No Variations]"
Add component (AddParameter): Name = "Package"; Value = "1206"; VariantName = "[No Variations]"
Add component (AddParameter): Name = "Value"; Value = "100nF"; VariantName = "[No Variations]"
Add component (AddParameter): Name = "Voltage"; Value = "25V"; VariantName = "[No Variations]"
Added Component: Designator=C7(CAPC1608X10N)
Add component (AddParameter): Name = "Manufacturer 1"; Value = ""; VariantName = "[No Variations]"
Add component (AddParameter): Name = "Manufacturer Part Number 1"; Value = ""; VariantName = "[No Variations]"
Add component (AddParameter): Name = "Package"; Value = "0603"; VariantName = "[No Variations]"
Add component (AddParameter): Name = "Value"; Value = "47uF"; VariantName = "[No Variations]"
Added Component: Designator=C8(CAPC1608X10N)
Add component (AddParameter): Name = "Manufacturer 1"; Value = ""; VariantName = "[No Variations]"
Add component (AddParameter): Name = "Manufacturer Part Number 1"; Value = ""; VariantName = "[No Variations]"
Add component (AddParameter): Name = "Package"; Value = "0603"; VariantName = "[No Variations]"
Add component (AddParameter): Name = "Value"; Value = "47uF"; VariantName = "[No Variations]"
Added Component: Designator=C9(CAPC1608X10N)
Add component (AddParameter): Name = "Manufacturer 1"; Value = ""; VariantName = "[No Variations]"
Add component (AddParameter): Name = "Manufacturer Part Number 1"; Value = ""; VariantName = "[No Variations]"
Add component (AddParameter): Name = "Package"; Value = "0603"; VariantName = "[No Variations]"
Add component (AddParameter): Name = "Value"; Value = "47uF"; VariantName = "[No Variations]"
Added Component: Designator=C10(CAPC1608X10N)
Add component (AddParameter): Name = "Manufacturer 1"; Value = ""; VariantName = "[No Variations]"
Add component (AddParameter): Name = "Manufacturer Part Number 1"; Value = ""; VariantName = "[No Variations]"
Add component (AddParameter): Name = "Package"; Value = "0603"; VariantName = "[No Variations]"
Add component (AddParameter): Name = "Value"; Value = "15pF"; VariantName = "[No Variations]"
Added Component: Designator=C11(CAPC1608X10N)
Add component (AddParameter): Name = "Manufacturer 1"; Value = ""; VariantName = "[No Variations]"
Add component (AddParameter): Name = "Manufacturer Part Number 1"; Value = ""; VariantName = "[No Variations]"
Add component (AddParameter): Name = "Package"; Value = "0603"; VariantName = "[No Variations]"
Add component (AddParameter): Name = "Value"; Value = "0.015uF"; VariantName = "[No Variations]"
Added Component: Designator=D1(SMB(DO214AA))
Add component (AddParameter): Name = "Manufacturer 1"; Value = "Comchip"; VariantName = "[No Variations]"
Add component (AddParameter): Name = "Manufacturer Part Number 1"; Value = "CDBB5100-HF"; VariantName = "[No Variations]"
Add component (AddParameter): Name = "Package"; Value = "SMB"; VariantName = "[No Variations]"
Add component (AddParameter): Name = "Value"; Value = ""; VariantName = "[No Variations]"
Added Component: Designator=L2(SRP6060FA)
Add component (AddParameter): Name = "DCR"; Value = "55mOhm"; VariantName = "[No Variations]"
Add component (AddParameter): Name = "ISAT"; Value = "5.6A"; VariantName = "[No Variations]"
Add component (AddParameter): Name = "Manufacturer 1"; Value = "Coilcraft"; VariantName = "[No Variations]"
Add component (AddParameter): Name = "Manufacturer Part Number 1"; Value = "SRP6060FA-220M"; VariantName = "[No Variations]"
Add component (AddParameter): Name = "Value"; Value = "22uH"; VariantName = "[No Variations]"
Added Component: Designator=R1(RES_0603)
Add component (AddParameter): Name = "Manufacturer 1"; Value = ""; VariantName = "[No Variations]"
Add component (AddParameter): Name = "Manufacturer Part Number 1"; Value = ""; VariantName = "[No Variations]"
Add component (AddParameter): Name = "Package"; Value = "0603"; VariantName = "[No Variations]"
Add component (AddParameter): Name = "Value"; Value = "470k"; VariantName = "[No Variations]"
Added Component: Designator=R2(RES_0603)
Add component (AddParameter): Name = "Manufacturer 1"; Value = ""; VariantName = "[No Variations]"
Add component (AddParameter): Name = "Manufacturer Part Number 1"; Value = ""; VariantName = "[No Variations]"
Add component (AddParameter): Name = "Package"; Value = "0603"; VariantName = "[No Variations]"
Add component (AddParameter): Name = "Value"; Value = "110k"; VariantName = "[No Variations]"
Added Component: Designator=R3(RES_0603)
Add component (AddParameter): Name = "Manufacturer 1"; Value = ""; VariantName = "[No Variations]"
Add component (AddParameter): Name = "Manufacturer Part Number 1"; Value = ""; VariantName = "[No Variations]"
Add component (AddParameter): Name = "Package"; Value = "0603"; VariantName = "[No Variations]"
Add component (AddParameter): Name = "Value"; Value = "39k"; VariantName = "[No Variations]"
Added Component: Designator=R4(RES_0603)
Add component (AddParameter): Name = "Manufacturer 1"; Value = ""; VariantName = "[No Variations]"
Add component (AddParameter): Name = "Manufacturer Part Number 1"; Value = ""; VariantName = "[No Variations]"
Add component (AddParameter): Name = "Package"; Value = "0603"; VariantName = "[No Variations]"
Add component (AddParameter): Name = "Value"; Value = "120k"; VariantName = "[No Variations]"
Added Component: Designator=R5(RES_0603)
Add component (AddParameter): Name = "Manufacturer 1"; Value = ""; VariantName = "[No Variations]"
Add component (AddParameter): Name = "Manufacturer Part Number 1"; Value = ""; VariantName = "[No Variations]"
Add component (AddParameter): Name = "Package"; Value = "0603"; VariantName = "[No Variations]"
Add component (AddParameter): Name = "Value"; Value = "24k"; VariantName = "[No Variations]"
Added Component: Designator=R6(RES_0603)
Add component (AddParameter): Name = "Manufacturer 1"; Value = ""; VariantName = "[No Variations]"
Add component (AddParameter): Name = "Manufacturer Part Number 1"; Value = ""; VariantName = "[No Variations]"
Add component (AddParameter): Name = "Package"; Value = "0603"; VariantName = "[No Variations]"
Add component (AddParameter): Name = "Value"; Value = "30k"; VariantName = "[No Variations]"
Added Component: Designator=R7(RES_0603)
Add component (AddParameter): Name = "Manufacturer 1"; Value = ""; VariantName = "[No Variations]"
Add component (AddParameter): Name = "Manufacturer Part Number 1"; Value = ""; VariantName = "[No Variations]"
Add component (AddParameter): Name = "Package"; Value = "0603"; VariantName = "[No Variations]"
Add component (AddParameter): Name = "Value"; Value = "2k4"; VariantName = "[No Variations]"
Added Component: Designator=R8(RES_0603)
Add component (AddParameter): Name = "Manufacturer 1"; Value = ""; VariantName = "[No Variations]"
Add component (AddParameter): Name = "Manufacturer Part Number 1"; Value = ""; VariantName = "[No Variations]"
Add component (AddParameter): Name = "Package"; Value = "0603"; VariantName = "[No Variations]"
Add component (AddParameter): Name = "Value"; Value = "10k"; VariantName = "[No Variations]"
Added Pin To Net: NetName=VSW Pin=C1-1
Added Pin To Net: NetName=GND Pin=C1-2
Added Pin To Net: NetName=VIN Pin=C5-1
Added Pin To Net: NetName=GND Pin=C7-2
Added Pin To Net: NetName=GND Pin=C8-2
Added Pin To Net: NetName=GND Pin=C9-2
Added Pin To Net: NetName=GND Pin=C10-2
Added Pin To Net: NetName=GND Pin=C11-2
Added Pin To Net: NetName=GND Pin=D1-2
Added Pin To Net: NetName=VSW Pin=R1-2
Added Pin To Net: NetName=GND Pin=R3-1
Added Pin To Net: NetName=GND Pin=R4-1
Added Pin To Net: NetName=GND Pin=R8-1
Added Pin To Net: NetName=VSW Pin=U1-2
Added Pin To Net: NetName=GND Pin=U1-7
Added Pin To Net: NetName=GND Pin=U1-9
Added Pin To Net: NetName=FB Pin=R6-1
Added Pin To Net: NetName=FB Pin=R8-2
Added Pin To Net: NetName=FB Pin=U1-5
Added Net: Name=FB
Added Pin To Net: NetName=NetC6_1 Pin=C6-1
Added Pin To Net: NetName=NetC6_1 Pin=U1-1
Added Net: Name=NetC6_1
Added Pin To Net: NetName=NetC6_2 Pin=C6-2
Added Pin To Net: NetName=NetC6_2 Pin=D1-1
Added Pin To Net: NetName=NetC6_2 Pin=L2-1
Added Pin To Net: NetName=NetC6_2 Pin=U1-8
Added Net: Name=NetC6_2
Added Pin To Net: NetName=NetC10_1 Pin=C10-1
Added Pin To Net: NetName=NetC10_1 Pin=R5-2
Added Pin To Net: NetName=NetC10_1 Pin=U1-6
Added Net: Name=NetC10_1
Added Pin To Net: NetName=NetC11_1 Pin=C11-1
Added Pin To Net: NetName=NetC11_1 Pin=R7-1
Added Net: Name=NetC11_1
Added Pin To Net: NetName=NetR1_1 Pin=R1-1
Added Pin To Net: NetName=NetR1_1 Pin=R3-2
Added Pin To Net: NetName=NetR1_1 Pin=U1-3
Added Net: Name=NetR1_1
Added Pin To Net: NetName=NetR2_1 Pin=R2-1
Added Pin To Net: NetName=NetR2_1 Pin=R6-2
Added Net: Name=NetR2_1
Added Pin To Net: NetName=NetR4_2 Pin=R4-2
Added Pin To Net: NetName=NetR4_2 Pin=U1-4
Added Net: Name=NetR4_2
Added Pin To Net: NetName=NetR5_1 Pin=R5-1
Added Pin To Net: NetName=NetR5_1 Pin=R7-2
Added Net: Name=NetR5_1
Added Pin To Net: NetName=VOUT Pin=C7-1
Added Pin To Net: NetName=VOUT Pin=C8-1
Added Pin To Net: NetName=VOUT Pin=C9-1
Added Pin To Net: NetName=VOUT Pin=L2-2
Added Pin To Net: NetName=VOUT Pin=R2-2
Added Net: Name=VOUT
Added Member To Class: ClassName=SwitchingSection Member=Component C6 MLCC_1206
Added Member To Class: ClassName=SwitchingSection Member=Component C7 ERP_102-1
Added Member To Class: ClassName=SwitchingSection Member=Component C8 ERP_102-1
Added Member To Class: ClassName=SwitchingSection Member=Component C9 ERP_102-1
Added Member To Class: ClassName=SwitchingSection Member=Component C10 ERP_102-1
Added Member To Class: ClassName=SwitchingSection Member=Component C11 ERP_102-1
Added Member To Class: ClassName=SwitchingSection Member=Component D1 CDBB_5XX_HF
Added Member To Class: ClassName=SwitchingSection Member=Component L2 SRP6060FA
Added Member To Class: ClassName=SwitchingSection Member=Component R1 ERP_101-1
Added Member To Class: ClassName=SwitchingSection Member=Component R2 ERP_101-1
Added Member To Class: ClassName=SwitchingSection Member=Component R3 ERP_101-1
Added Member To Class: ClassName=SwitchingSection Member=Component R4 ERP_101-1
Added Member To Class: ClassName=SwitchingSection Member=Component R5 ERP_101-1
Added Member To Class: ClassName=SwitchingSection Member=Component R6 ERP_101-1
Added Member To Class: ClassName=SwitchingSection Member=Component R7 ERP_101-1
Added Member To Class: ClassName=SwitchingSection Member=Component R8 ERP_101-1
Added Rule: Name=Schematic Supply Nets_3
