Removed Member From Class: ClassName=TPS54260 Member=H47
Removed Member From Class: ClassName=TPS54260 Member=H49
Removed Member From Class: ClassName=TPS54260 Member=H50
Change Component Designator: OldDesignator=C3 NewDesignator=C2
Change Component Designator: OldDesignator=C4 NewDesignator=C3
Change Component Designator: OldDesignator=C5 NewDesignator=C4
Change Component Designator: OldDesignator=C7 NewDesignator=C5
Change Component Designator: OldDesignator=C8 NewDesignator=C6
Change Component Designator: OldDesignator=C9 NewDesignator=C7
Change Component Designator: OldDesignator=C10 NewDesignator=C8
Change Component Designator: OldDesignator=C11 NewDesignator=C9
Change Component Designator: OldDesignator=H2 NewDesignator=H6
Change Component Designator: OldDesignator=H3 NewDesignator=H11
Change Component Designator: OldDesignator=H4 NewDesignator=H16
Change Component Designator: OldDesignator=H5 NewDesignator=H21
Change Component Designator: OldDesignator=H9 NewDesignator=H25
Change Component Designator: OldDesignator=H10 NewDesignator=H29
Change Component Designator: OldDesignator=H11 NewDesignator=H33
Change Component Designator: OldDesignator=H12 NewDesignator=H37
Change Component Designator: OldDesignator=H13 NewDesignator=H3
Change Component Designator: OldDesignator=H14 NewDesignator=H2
Change Component Designator: OldDesignator=H15 NewDesignator=H7
Change Component Designator: OldDesignator=H16 NewDesignator=H12
Change Component Designator: OldDesignator=H18 NewDesignator=H22
Change Component Designator: OldDesignator=H19 NewDesignator=H26
Change Component Designator: OldDesignator=H20 NewDesignator=H30
Change Component Designator: OldDesignator=H21 NewDesignator=H34
Change Component Designator: OldDesignator=H22 NewDesignator=H38
Change Component Designator: OldDesignator=H23 NewDesignator=H9
Change Component Designator: OldDesignator=H24 NewDesignator=H8
Change Component Designator: OldDesignator=H26 NewDesignator=H13
Change Component Designator: OldDesignator=H27 NewDesignator=H14
Change Component Designator: OldDesignator=H28 NewDesignator=H18
Change Component Designator: OldDesignator=H29 NewDesignator=H19
Change Component Designator: OldDesignator=H30 NewDesignator=H23
Change Component Designator: OldDesignator=H31 NewDesignator=H24
Change Component Designator: OldDesignator=H32 NewDesignator=H27
Change Component Designator: OldDesignator=H33 NewDesignator=H28
Change Component Designator: OldDesignator=H34 NewDesignator=H31
Change Component Designator: OldDesignator=H35 NewDesignator=H32
Change Component Designator: OldDesignator=H36 NewDesignator=H35
Change Component Designator: OldDesignator=H37 NewDesignator=H36
Change Component Designator: OldDesignator=H38 NewDesignator=H39
Change Component Designator: OldDesignator=H39 NewDesignator=H40
Change Component Designator: OldDesignator=H40 NewDesignator=H41
Change Component Designator: OldDesignator=H41 NewDesignator=H42
Change Component Designator: OldDesignator=H42 NewDesignator=H43
Change Component Designator: OldDesignator=H43 NewDesignator=H44
Change Component Designator: OldDesignator=H44 NewDesignator=H45
Change Component Designator: OldDesignator=H45 NewDesignator=H46
Change Component Designator: OldDesignator=H46 NewDesignator=H5
Change Component Designator: OldDesignator=H47 NewDesignator=H10
Change Component Designator: OldDesignator=H48 NewDesignator=H15
Change Component Designator: OldDesignator=H49 NewDesignator=H20
Change Component Designator: OldDesignator=H50 NewDesignator=H4
Change Component Designator: OldDesignator=L2 NewDesignator=L1
Change Net Name : Old Net Name=NetC10_1 New Net Name=NetC8_1
Change Net Name : Old Net Name=NetC11_1 New Net Name=NetC9_1
Added Member To Class: ClassName=TPS54260 Member=Component H6 Castalated_Hole_1MM
Added Member To Class: ClassName=TPS54260 Member=Component H25 Castalated_Hole_1MM
Added Member To Class: ClassName=TPS54260 Member=Component H34 Castalated_Hole_1MM
