Removed Pin From Net: NetName=VSW Pin=C1-1
Removed Pin From Net: NetName=GND Pin=C1-2
Removed Pin From Net: NetName=VIN Pin=C2-1
Change Component Footprint: Designator=C2 Old Footprint=CAP1206 New Footprint=UUX_XXXXX_NL
Change Component Footprint: Designator=C5 Old Footprint=CAP1210 New Footprint=CAP_12P5_13P5
Change Component Footprint: Designator=C4 Old Footprint=CAP_12P5_13P5 New Footprint=CAP1206
Change Component Comment : Designator=C4 Old Comment=CAP_12P5_13P5 New Comment=MLCC_1206
Change Component Comment : Designator=C2 Old Comment=MLCC_1206 New Comment=UUX_XXXXX
Change Component Comment : Designator=C5 Old Comment=MLCC_1210 New Comment=CAP_12P5_13P5
Change Component Designator: OldDesignator=C6 NewDesignator=C1
Change component parameters: Designator = "C2" ("C2"); Footprint = "CAP1206"; UniqueID = "\UMRZZRNM" ("\UMRZZRNM")
Change component parameters (AddParameter): Name = "Manufacturer 1"; Value = "Nichicon"; VariantName = "[No Variations]"
Change component parameters (AddParameter): Name = "Manufacturer Part Number 1"; Value = "UUX2A470MNL1GS"; VariantName = "[No Variations]"
Change component parameters (AddParameter): Name = "Package"; Value = "NL"; VariantName = "[No Variations]"
Change component parameters (AddParameter): Name = "Value"; Value = "47uF"; VariantName = "[No Variations]"
Change component parameters (AddParameter): Name = "Voltage"; Value = "100V"; VariantName = "[No Variations]"
Change component parameters: Designator = "C4" ("C4"); Footprint = "CAP_12P5_13P5"; UniqueID = "\KDILWKMS" ("\KDILWKMS")
Change component parameters (AddParameter): Name = "Manufacturer 1"; Value = "Murata Electronics"; VariantName = "[No Variations]"
Change component parameters (AddParameter): Name = "Manufacturer Part Number 1"; Value = "GRM31CZ72A475KE11L"; VariantName = "[No Variations]"
Change component parameters (AddParameter): Name = "Package"; Value = "1206"; VariantName = "[No Variations]"
Change component parameters (AddParameter): Name = "Value"; Value = "4.7uF"; VariantName = "[No Variations]"
Change component parameters (AddParameter): Name = "Voltage"; Value = "100V"; VariantName = "[No Variations]"
Change component parameters: Designator = "C5" ("C5"); Footprint = "CAP1210"; UniqueID = "\LPZVYCSH" ("\LPZVYCSH")
Change component parameters (AddParameter): Name = "Manufacturer 1"; Value = "NCC(Nippon Chemi-Con)"; VariantName = "[No Variations]"
Change component parameters (AddParameter): Name = "Manufacturer Part Number 1"; Value = "EMVY101ARA101MKE0S"; VariantName = "[No Variations]"
Change component parameters (AddParameter): Name = "Package"; Value = "12.5X13.5"; VariantName = "[No Variations]"
Change component parameters (AddParameter): Name = "Value"; Value = "100uF"; VariantName = "[No Variations]"
Change component parameters (AddParameter): Name = "Voltage"; Value = "100V"; VariantName = "[No Variations]"
Added Component: Designator=C6(CAP1210)
Add component (AddParameter): Name = "Manufacturer 1"; Value = ""; VariantName = "[No Variations]"
Add component (AddParameter): Name = "Manufacturer Part Number 1"; Value = ""; VariantName = "[No Variations]"
Add component (AddParameter): Name = "Package"; Value = "1210"; VariantName = "[No Variations]"
Add component (AddParameter): Name = "Value"; Value = "10uF"; VariantName = "[No Variations]"
Add component (AddParameter): Name = "Voltage"; Value = "100V"; VariantName = "[No Variations]"
Added Pin To Net: NetName=VSW Pin=C2-1
Added Pin To Net: NetName=VIN Pin=C6-1
Added Pin To Net: NetName=GND Pin=C6-2
Change Net Name : Old Net Name=NetC6_1 New Net Name=NetC1_1
Change Net Name : Old Net Name=NetC6_2 New Net Name=NetC1_2
Change Net Name : Old Net Name=VSW New Net Name=NetC2_1
Change Class Name : Old Net Name=SwitchingSection New Net Name=TPS54260
Added Member To Class: ClassName=TPS54260 Member=Component C2 UUX_XXXXX
Added Member To Class: ClassName=TPS54260 Member=Component C3 MLCC_1206
Added Member To Class: ClassName=TPS54260 Member=Component C4 MLCC_1206
Added Member To Class: ClassName=TPS54260 Member=Component C5 CAP_12P5_13P5
Added Member To Class: ClassName=TPS54260 Member=Component C6 MLCC_1210
Added Member To Class: ClassName=TPS54260 Member=Component L1 XGL6060
Added Member To Class: ClassName=TPS54260 Member=Component TVS1 SMBJ58A
