Change Component Designator: Old Designator=C1 New Designator=C?
Change Component Designator: Old Designator=C3 New Designator=C?
Change Component Designator: Old Designator=C4 New Designator=C?
Change Component Designator: Old Designator=C5 New Designator=C?
Change Component Designator: Old Designator=C7 New Designator=C?
Change Component Designator: Old Designator=C8 New Designator=C?
Change Component Designator: Old Designator=C9 New Designator=C?
Change Component Designator: Old Designator=C10 New Designator=C?
Change Component Designator: Old Designator=C11 New Designator=C?
Change Component Designator: Old Designator=D1 New Designator=D?
Change Component Designator: Old Designator=H1 New Designator=H?
Change Component Designator: Old Designator=H2 New Designator=H?
Change Component Designator: Old Designator=H3 New Designator=H?
Change Component Designator: Old Designator=H4 New Designator=H?
Change Component Designator: Old Designator=H5 New Designator=H?
Change Component Designator: Old Designator=H9 New Designator=H?
Change Component Designator: Old Designator=H10 New Designator=H?
Change Component Designator: Old Designator=H11 New Designator=H?
Change Component Designator: Old Designator=H12 New Designator=H?
Change Component Designator: Old Designator=H13 New Designator=H?
Change Component Designator: Old Designator=H14 New Designator=H?
Change Component Designator: Old Designator=H15 New Designator=H?
Change Component Designator: Old Designator=H16 New Designator=H?
Change Component Designator: Old Designator=H17 New Designator=H?
Change Component Designator: Old Designator=H18 New Designator=H?
Change Component Designator: Old Designator=H19 New Designator=H?
Change Component Designator: Old Designator=H20 New Designator=H?
Change Component Designator: Old Designator=H21 New Designator=H?
Change Component Designator: Old Designator=H22 New Designator=H?
Change Component Designator: Old Designator=H23 New Designator=H?
Change Component Designator: Old Designator=H24 New Designator=H?
Change Component Designator: Old Designator=H26 New Designator=H?
Change Component Designator: Old Designator=H27 New Designator=H?
Change Component Designator: Old Designator=H28 New Designator=H?
Change Component Designator: Old Designator=H29 New Designator=H?
Change Component Designator: Old Designator=H30 New Designator=H?
Change Component Designator: Old Designator=H31 New Designator=H?
Change Component Designator: Old Designator=H32 New Designator=H?
Change Component Designator: Old Designator=H33 New Designator=H?
Change Component Designator: Old Designator=H34 New Designator=H?
Change Component Designator: Old Designator=H35 New Designator=H?
Change Component Designator: Old Designator=H36 New Designator=H?
Change Component Designator: Old Designator=H37 New Designator=H?
Change Component Designator: Old Designator=H38 New Designator=H?
Change Component Designator: Old Designator=H39 New Designator=H?
Change Component Designator: Old Designator=H40 New Designator=H?
Change Component Designator: Old Designator=H41 New Designator=H?
Change Component Designator: Old Designator=H42 New Designator=H?
Change Component Designator: Old Designator=H43 New Designator=H?
Change Component Designator: Old Designator=H44 New Designator=H?
Change Component Designator: Old Designator=H45 New Designator=H?
Change Component Designator: Old Designator=H46 New Designator=H?
Change Component Designator: Old Designator=H47 New Designator=H?
Change Component Designator: Old Designator=H48 New Designator=H?
Change Component Designator: Old Designator=H49 New Designator=H?
Change Component Designator: Old Designator=H50 New Designator=H?
Change Component Designator: Old Designator=L2 New Designator=L?
Change Component Designator: Old Designator=R1 New Designator=R?
Change Component Designator: Old Designator=R2 New Designator=R?
Change Component Designator: Old Designator=R3 New Designator=R?
Change Component Designator: Old Designator=R4 New Designator=R?
Change Component Designator: Old Designator=R5 New Designator=R?
Change Component Designator: Old Designator=R6 New Designator=R?
Change Component Designator: Old Designator=R7 New Designator=R?
Change Component Designator: Old Designator=R8 New Designator=R?
Change Component Designator: Old Designator=TVS1 New Designator=TVS?
Change Component Designator: Old Designator=U1 New Designator=U?
