Change Component Designator: Old Designator=C? New Designator=C1
Change Component Designator: Old Designator=C? New Designator=C2
Change Component Designator: Old Designator=C? New Designator=C3
Change Component Designator: Old Designator=C? New Designator=C4
Change Component Designator: Old Designator=C? New Designator=C5
Change Component Designator: Old Designator=C? New Designator=C6
Change Component Designator: Old Designator=C? New Designator=C7
Change Component Designator: Old Designator=C? New Designator=C8
Change Component Designator: Old Designator=D? New Designator=D1
Change Component Designator: Old Designator=FIN? New Designator=FIN1
Change Component Designator: Old Designator=FIN? New Designator=FIN2
Change Component Designator: Old Designator=FIN? New Designator=FIN3
Change Component Designator: Old Designator=FIN? New Designator=FIN4
Change Component Designator: Old Designator=FIN? New Designator=FIN5
Change Component Designator: Old Designator=FIN? New Designator=FIN6
Change Component Designator: Old Designator=FIN? New Designator=FIN7
Change Component Designator: Old Designator=FIN? New Designator=FIN8
Change Component Designator: Old Designator=FIN? New Designator=FIN9
Change Component Designator: Old Designator=FIN? New Designator=FIN10
Change Component Designator: Old Designator=FIN? New Designator=FIN11
Change Component Designator: Old Designator=FIN? New Designator=FIN12
Change Component Designator: Old Designator=H? New Designator=H1
Change Component Designator: Old Designator=H? New Designator=H2
Change Component Designator: Old Designator=H? New Designator=H3
Change Component Designator: Old Designator=H? New Designator=H4
Change Component Designator: Old Designator=H? New Designator=H5
Change Component Designator: Old Designator=H? New Designator=H6
Change Component Designator: Old Designator=H? New Designator=H7
Change Component Designator: Old Designator=H? New Designator=H8
Change Component Designator: Old Designator=H? New Designator=H9
Change Component Designator: Old Designator=H? New Designator=H10
Change Component Designator: Old Designator=H? New Designator=H11
Change Component Designator: Old Designator=H? New Designator=H12
Change Component Designator: Old Designator=H? New Designator=H13
Change Component Designator: Old Designator=H? New Designator=H14
Change Component Designator: Old Designator=H? New Designator=H15
Change Component Designator: Old Designator=H? New Designator=H16
Change Component Designator: Old Designator=H? New Designator=H17
Change Component Designator: Old Designator=H? New Designator=H18
Change Component Designator: Old Designator=H? New Designator=H19
Change Component Designator: Old Designator=H? New Designator=H20
Change Component Designator: Old Designator=H? New Designator=H21
Change Component Designator: Old Designator=H? New Designator=H22
Change Component Designator: Old Designator=H? New Designator=H23
Change Component Designator: Old Designator=H? New Designator=H24
Change Component Designator: Old Designator=H? New Designator=H25
Change Component Designator: Old Designator=H? New Designator=H26
Change Component Designator: Old Designator=H? New Designator=H27
Change Component Designator: Old Designator=H? New Designator=H28
Change Component Designator: Old Designator=H? New Designator=H29
Change Component Designator: Old Designator=H? New Designator=H30
Change Component Designator: Old Designator=H? New Designator=H31
Change Component Designator: Old Designator=H? New Designator=H32
Change Component Designator: Old Designator=H? New Designator=H33
Change Component Designator: Old Designator=H? New Designator=H34
Change Component Designator: Old Designator=H? New Designator=H35
Change Component Designator: Old Designator=L? New Designator=L1
Change Component Designator: Old Designator=R? New Designator=R1
Change Component Designator: Old Designator=R? New Designator=R2
Change Component Designator: Old Designator=R? New Designator=R3
Change Component Designator: Old Designator=R? New Designator=R4
Change Component Designator: Old Designator=R? New Designator=R5
Change Component Designator: Old Designator=R? New Designator=R6
Change Component Designator: Old Designator=R? New Designator=R7
Change Component Designator: Old Designator=R? New Designator=R8
Change Component Designator: Old Designator=TVS? New Designator=TVS1
Change Component Designator: Old Designator=U? New Designator=U1
